
[2023-01-26T04:59:19.963] [WARN] default - Ruta Inexistente: Método GET Ruta: /favicon.ico
[2023-01-26T04:59:48.182] [WARN] default - Ruta Inexistente: Método GET Ruta: /favicon.ico
[2023-01-26T04:59:55.832] [WARN] default - Ruta Inexistente: Método GET Ruta: /favicon.ico
[2023-01-26T05:00:10.740] [WARN] default - Ruta Inexistente: Método GET Ruta: /favicon.ico
[2023-01-26T05:00:18.294] [WARN] default - Ruta Inexistente: Método GET Ruta: /favicon.ico
[2023-01-26T05:00:21.523] [WARN] default - Ruta Inexistente: Método GET Ruta: /favicon.ico
[2023-01-26T05:00:32.227] [WARN] default - Ruta Inexistente: Método GET Ruta: /favicon.ico
[2023-01-26T05:00:47.001] [WARN] default - Ruta Inexistente: Método GET Ruta: /favicon.ico
[2023-01-26T05:00:50.844] [WARN] default - Ruta Inexistente: Método GET Ruta: /favicon.ico
[2023-01-26T05:00:53.169] [WARN] default - Ruta Inexistente: Método GET Ruta: /favicon.ico
[2023-01-26T06:35:50.564] [WARN] default - Ruta Inexistente: Método GET Ruta: /favicon.ico
[2023-01-26T06:36:21.143] [WARN] default - Ruta Inexistente: Método GET Ruta: /favicon.ico
[2023-01-26T06:36:46.956] [WARN] default - Ruta Inexistente: Método GET Ruta: /favicon.ico
[2023-01-26T06:37:04.988] [WARN] default - Ruta Inexistente: Método GET Ruta: /favicon.ico
[2023-01-26T06:37:05.095] [ERROR] default - Error- MainCarrito - Ruta Buscar Carrito de un Usuario: TypeError: carsArte.getCarritoByUsuario is not a function
[2023-01-26T06:37:27.194] [WARN] default - Ruta Inexistente: Método GET Ruta: /favicon.ico
[2023-01-26T06:37:30.225] [WARN] default - Ruta Inexistente: Método GET Ruta: /favicon.ico
[2023-01-26T06:37:32.589] [ERROR] default - Error- MainCarrito - Ruta Buscar Carrito de un Usuario: TypeError: carsArte.getCarritoByUsuario is not a function
[2023-01-26T06:37:32.652] [WARN] default - Ruta Inexistente: Método GET Ruta: /favicon.ico
[2023-01-26T06:37:53.026] [ERROR] default - Error- MainCarrito - Ruta Buscar Carrito de un Usuario: TypeError: carsArte.getCarritoByUsuario is not a function
[2023-01-26T06:38:05.227] [WARN] default - Ruta Inexistente: Método GET Ruta: /favicon.ico
[2023-01-26T06:38:07.532] [WARN] default - Ruta Inexistente: Método GET Ruta: /favicon.ico
[2023-01-26T06:42:28.131] [WARN] default - Ruta Inexistente: Método GET Ruta: /favicon.ico
[2023-01-26T06:47:22.091] [ERROR] default - Error- MainCarrito - Ruta Buscar Carrito de un Usuario: TypeError: carsArte.getCarritoByUsuario is not a function
[2023-01-26T06:47:22.120] [WARN] default - Ruta Inexistente: Método GET Ruta: /favicon.ico
[2023-01-26T06:47:28.510] [WARN] default - Ruta Inexistente: Método GET Ruta: /favicon.ico
[2023-01-26T06:47:30.555] [WARN] default - Ruta Inexistente: Método GET Ruta: /favicon.ico
[2023-01-26T06:47:50.548] [ERROR] default - Error- MainCarrito - Ruta Buscar Carrito de un Usuario: TypeError: carsArte.getCarritoByUsuario is not a function
[2023-01-26T06:47:53.204] [WARN] default - Ruta Inexistente: Método GET Ruta: /favicon.ico
[2023-01-26T06:47:55.122] [WARN] default - Ruta Inexistente: Método GET Ruta: /favicon.ico
[2023-01-26T06:48:18.651] [ERROR] default - Error- MainCarrito - Ruta Buscar Carrito de un Usuario: TypeError: carsArte.getCarritoByUsuario is not a function
[2023-01-26T06:48:18.674] [WARN] default - Ruta Inexistente: Método GET Ruta: /favicon.ico
[2023-01-26T07:02:44.336] [WARN] default - Ruta Inexistente: Método GET Ruta: /favicon.ico
[2023-01-26T07:03:03.174] [WARN] default - Ruta Inexistente: Método GET Ruta: /favicon.ico
[2023-01-26T07:03:03.300] [ERROR] default - Error- MainCarrito - Ruta Buscar Carrito de un Usuario: TypeError: carsArte.getCarritoByUsuario is not a function
[2023-01-26T07:03:11.837] [WARN] default - Ruta Inexistente: Método GET Ruta: /favicon.ico
[2023-01-26T07:03:14.244] [WARN] default - Ruta Inexistente: Método GET Ruta: /favicon.ico
[2023-01-26T07:05:04.309] [WARN] default - Ruta Inexistente: Método GET Ruta: /favicon.ico
[2023-01-26T07:05:15.455] [ERROR] default - Error- MainCarrito - Ruta Buscar Carrito de un Usuario: TypeError: carsArte.getCarritoByUsuario is not a function
[2023-01-26T07:05:16.440] [WARN] default - Ruta Inexistente: Método GET Ruta: /favicon.ico
[2023-01-26T07:05:23.555] [WARN] default - Ruta Inexistente: Método GET Ruta: /favicon.ico
[2023-01-26T07:05:25.419] [WARN] default - Ruta Inexistente: Método GET Ruta: /favicon.ico
[2023-01-26T07:05:36.923] [ERROR] default - Error- MainCarrito - Ruta Buscar Carrito de un Usuario: TypeError: carsArte.getCarritoByUsuario is not a function
[2023-01-26T07:05:36.992] [ERROR] default - Error- MainCarrito - Ruta Buscar Carrito de un Usuario: TypeError: carsArte.getCarritoByUsuario is not a function
[2023-01-26T07:05:37.790] [WARN] default - Ruta Inexistente: Método GET Ruta: /favicon.ico
[2023-01-26T07:05:40.832] [ERROR] default - Error- MainCarrito - Ruta Agregar Producto Carrito: TypeError: carsArte.saveProducts is not a function
[2023-01-26T07:05:43.642] [WARN] default - Ruta Inexistente: Método GET Ruta: /favicon.ico
[2023-01-26T07:05:48.108] [WARN] default - Ruta Inexistente: Método GET Ruta: /favicon.ico
[2023-01-26T07:05:50.401] [ERROR] default - Error- MainCarrito - Ruta Buscar Carrito de un Usuario: TypeError: carsArte.getCarritoByUsuario is not a function
[2023-01-26T07:05:50.479] [WARN] default - Ruta Inexistente: Método GET Ruta: /favicon.ico
[2023-01-26T07:16:07.199] [WARN] default - Ruta Inexistente: Método GET Ruta: /favicon.ico
[2023-01-26T07:16:22.438] [WARN] default - Ruta Inexistente: Método GET Ruta: /favicon.ico
[2023-01-26T07:16:27.331] [WARN] default - Ruta Inexistente: Método GET Ruta: /favicon.ico
[2023-01-26T07:16:29.099] [WARN] default - Ruta Inexistente: Método GET Ruta: /favicon.ico
[2023-01-26T07:16:32.126] [WARN] default - Ruta Inexistente: Método GET Ruta: /favicon.ico
[2023-01-26T07:16:34.470] [WARN] default - Ruta Inexistente: Método GET Ruta: /favicon.ico
[2023-01-26T16:51:03.599] [WARN] default - Ruta Inexistente: Método GET Ruta: /favicon.ico
[2023-01-26T16:51:19.019] [WARN] default - Ruta Inexistente: Método GET Ruta: /favicon.ico
[2023-01-26T16:51:41.812] [WARN] default - Ruta Inexistente: Método GET Ruta: /favicon.ico
[2023-01-26T16:51:42.965] [WARN] default - Ruta Inexistente: Método GET Ruta: /images/avatar1-1673466474146.jpg
[2023-01-26T16:51:43.221] [WARN] default - Ruta Inexistente: Método GET Ruta: /favicon.ico
[2023-01-26T16:51:44.882] [WARN] default - Ruta Inexistente: Método GET Ruta: /favicon.ico
[2023-01-26T16:51:56.469] [WARN] default - Ruta Inexistente: Método GET Ruta: /favicon.ico
[2023-01-26T16:52:33.525] [WARN] default - Ruta Inexistente: Método GET Ruta: /favicon.ico
[2023-01-26T16:52:35.739] [WARN] default - Ruta Inexistente: Método GET Ruta: /favicon.ico
[2023-01-26T17:00:21.944] [WARN] default - Ruta Inexistente: Método GET Ruta: /favicon.ico
[2023-01-26T17:00:37.603] [WARN] default - Ruta Inexistente: Método GET Ruta: /favicon.ico
[2023-01-26T17:00:43.822] [WARN] default - Ruta Inexistente: Método GET Ruta: /images/avatar1-1673466474146.jpg
[2023-01-26T17:00:44.031] [WARN] default - Ruta Inexistente: Método GET Ruta: /favicon.ico
[2023-01-26T17:00:46.161] [WARN] default - Ruta Inexistente: Método GET Ruta: /favicon.ico
[2023-01-26T17:00:49.670] [WARN] default - Ruta Inexistente: Método GET Ruta: /favicon.ico
[2023-01-26T17:00:53.276] [WARN] default - Ruta Inexistente: Método GET Ruta: /favicon.ico
[2023-01-26T17:00:56.393] [WARN] default - Ruta Inexistente: Método GET Ruta: /favicon.ico
[2023-01-26T17:01:05.637] [WARN] default - Ruta Inexistente: Método GET Ruta: /favicon.ico
[2023-01-26T17:01:19.411] [WARN] default - Ruta Inexistente: Método GET Ruta: /favicon.ico
[2023-01-26T17:01:21.665] [WARN] default - Ruta Inexistente: Método GET Ruta: /favicon.ico
[2023-01-26T17:39:03.850] [WARN] default - Ruta Inexistente: Método GET Ruta: /favicon.ico
[2023-01-26T17:39:21.344] [WARN] default - Ruta Inexistente: Método GET Ruta: /favicon.ico
[2023-01-26T17:39:32.944] [WARN] default - Ruta Inexistente: Método GET Ruta: /images/avatar1-1673466474146.jpg
[2023-01-26T17:39:33.137] [WARN] default - Ruta Inexistente: Método GET Ruta: /favicon.ico
[2023-01-26T17:39:38.687] [WARN] default - Ruta Inexistente: Método GET Ruta: /favicon.ico
[2023-01-26T17:39:42.741] [WARN] default - Ruta Inexistente: Método GET Ruta: /favicon.ico
[2023-01-29T18:17:44.344] [WARN] default - Ruta Inexistente: Método GET Ruta: /favicon.ico
[2023-01-29T18:17:56.677] [WARN] default - Ruta Inexistente: Método GET Ruta: /favicon.ico
[2023-01-29T18:49:45.560] [WARN] default - Ruta Inexistente: Método GET Ruta: /favicon.ico
[2023-01-29T18:50:09.633] [WARN] default - Ruta Inexistente: Método GET Ruta: /favicon.ico
[2023-01-29T18:50:58.096] [WARN] default - Ruta Inexistente: Método GET Ruta: /favicon.ico
[2023-01-29T18:51:02.477] [WARN] default - Ruta Inexistente: Método GET Ruta: /favicon.ico
[2023-01-29T18:51:05.451] [WARN] default - Ruta Inexistente: Método GET Ruta: /favicon.ico
[2023-01-29T18:51:08.195] [WARN] default - Ruta Inexistente: Método GET Ruta: /favicon.ico
[2023-01-29T18:51:10.332] [WARN] default - Ruta Inexistente: Método GET Ruta: /favicon.ico
[2023-01-30T06:26:30.020] [WARN] default - Ruta Inexistente: Método POST Ruta: /products/add
